<?xml version="1.0" encoding="UTF-8"?>
<!-- Generated by org.testng.reporters.JUnitXMLReporter -->
<testsuite hostname="Priyanks-MacBook-Pro.local" ignored="0" name="Command line test" tests="3" failures="1" timestamp="2020-12-01T05:24:09 IST" time="36.584" errors="0">
  <testcase name="compareTemperatureInFahrenheit" time="0.001" classname="test.ComparatorTest">
    <failure type="java.lang.NullPointerException">
      <![CDATA[java.lang.NullPointerException
at ui.NdtvWeather.getTemperatureInFahrenheit(NdtvWeather.java:116)
at test.ComparatorTest.compareTemperatureInFahrenheit(ComparatorTest.java:23)
at java.util.ArrayList.forEach(ArrayList.java:1257)
... Removed 37 stack frames]]>
    </failure>
  </testcase> <!-- compareTemperatureInFahrenheit -->
  <testcase name="validateTemperature" time="1.681" classname="test.WeatherDataApiTest"/>
  <testcase name="weatherPageTest" time="34.88" classname="test.NdtvWeatherTest"/>
</testsuite> <!-- Command line test -->
