-------------------------------------------------------------------------------
Test set: TestSuite
-------------------------------------------------------------------------------
Tests run: 3, Failures: 1, Errors: 0, Skipped: 0, Time elapsed: 37.447 sec <<< FAILURE!
compareTemperatureInFahrenheit(test.ComparatorTest)  Time elapsed: 0.004 sec  <<< FAILURE!
java.lang.NullPointerException
	at ui.NdtvWeather.getTemperatureInFahrenheit(NdtvWeather.java:116)
	at test.ComparatorTest.compareTemperatureInFahrenheit(ComparatorTest.java:23)

