<?xml version="1.0" encoding="UTF-8"?>
<testng-results skipped="0" failed="1" ignored="0" total="3" passed="2">
  <reporter-output>
  </reporter-output>
  <suite name="Command line suite" duration-ms="36584" started-at="2020-12-01T05:23:32 IST" finished-at="2020-12-01T05:24:08 IST">
    <groups>
    </groups>
    <test name="Command line test" duration-ms="36584" started-at="2020-12-01T05:23:32 IST" finished-at="2020-12-01T05:24:08 IST">
      <class name="test.NdtvWeatherTest">
        <test-method status="PASS" signature="intializeTest()[pri:0, instance:test.NdtvWeatherTest@49e5f737]" name="intializeTest" is-config="true" duration-ms="6" started-at="2020-12-01T05:23:32 IST" finished-at="2020-12-01T05:23:32 IST">
          <reporter-output>
          </reporter-output>
        </test-method> <!-- intializeTest -->
        <test-method status="PASS" signature="weatherPageTest()[pri:0, instance:test.NdtvWeatherTest@49e5f737]" name="weatherPageTest" duration-ms="34880" started-at="2020-12-01T05:23:34 IST" finished-at="2020-12-01T05:24:08 IST">
          <reporter-output>
          </reporter-output>
        </test-method> <!-- weatherPageTest -->
        <test-method status="PASS" signature="closeBrowser()[pri:0, instance:test.NdtvWeatherTest@49e5f737]" name="closeBrowser" is-config="true" duration-ms="55" started-at="2020-12-01T05:24:09 IST" finished-at="2020-12-01T05:24:09 IST">
          <reporter-output>
          </reporter-output>
        </test-method> <!-- closeBrowser -->
      </class> <!-- test.NdtvWeatherTest -->
      <class name="test.ComparatorTest">
        <test-method status="FAIL" signature="compareTemperatureInFahrenheit()[pri:0, instance:test.ComparatorTest@5c671d7f]" name="compareTemperatureInFahrenheit" duration-ms="1" started-at="2020-12-01T05:23:32 IST" finished-at="2020-12-01T05:23:32 IST">
          <exception class="java.lang.NullPointerException">
            <full-stacktrace>
              <![CDATA[java.lang.NullPointerException
at ui.NdtvWeather.getTemperatureInFahrenheit(NdtvWeather.java:116)
at test.ComparatorTest.compareTemperatureInFahrenheit(ComparatorTest.java:23)
at sun.reflect.NativeMethodAccessorImpl.invoke0(Native Method)
at sun.reflect.NativeMethodAccessorImpl.invoke(NativeMethodAccessorImpl.java:62)
at sun.reflect.DelegatingMethodAccessorImpl.invoke(DelegatingMethodAccessorImpl.java:43)
at java.lang.reflect.Method.invoke(Method.java:498)
at org.testng.internal.MethodInvocationHelper.invokeMethod(MethodInvocationHelper.java:132)
at org.testng.internal.TestInvoker.invokeMethod(TestInvoker.java:599)
at org.testng.internal.TestInvoker.invokeTestMethod(TestInvoker.java:174)
at org.testng.internal.MethodRunner.runInSequence(MethodRunner.java:46)
at org.testng.internal.TestInvoker$MethodInvocationAgent.invoke(TestInvoker.java:822)
at org.testng.internal.TestInvoker.invokeTestMethods(TestInvoker.java:147)
at org.testng.internal.TestMethodWorker.invokeTestMethods(TestMethodWorker.java:146)
at org.testng.internal.TestMethodWorker.run(TestMethodWorker.java:128)
at java.util.ArrayList.forEach(ArrayList.java:1257)
at org.testng.TestRunner.privateRun(TestRunner.java:764)
at org.testng.TestRunner.run(TestRunner.java:585)
at org.testng.SuiteRunner.runTest(SuiteRunner.java:384)
at org.testng.SuiteRunner.runSequentially(SuiteRunner.java:378)
at org.testng.SuiteRunner.privateRun(SuiteRunner.java:337)
at org.testng.SuiteRunner.run(SuiteRunner.java:286)
at org.testng.SuiteRunnerWorker.runSuite(SuiteRunnerWorker.java:53)
at org.testng.SuiteRunnerWorker.run(SuiteRunnerWorker.java:96)
at org.testng.TestNG.runSuitesSequentially(TestNG.java:1218)
at org.testng.TestNG.runSuitesLocally(TestNG.java:1140)
at org.testng.TestNG.runSuites(TestNG.java:1069)
at org.testng.TestNG.run(TestNG.java:1037)
at org.apache.maven.surefire.testng.TestNGExecutor.run(TestNGExecutor.java:77)
at org.apache.maven.surefire.testng.TestNGDirectoryTestSuite.executeMulti(TestNGDirectoryTestSuite.java:159)
at org.apache.maven.surefire.testng.TestNGDirectoryTestSuite.execute(TestNGDirectoryTestSuite.java:99)
at org.apache.maven.surefire.testng.TestNGProvider.invoke(TestNGProvider.java:106)
at sun.reflect.NativeMethodAccessorImpl.invoke0(Native Method)
at sun.reflect.NativeMethodAccessorImpl.invoke(NativeMethodAccessorImpl.java:62)
at sun.reflect.DelegatingMethodAccessorImpl.invoke(DelegatingMethodAccessorImpl.java:43)
at java.lang.reflect.Method.invoke(Method.java:498)
at org.apache.maven.surefire.util.ReflectionUtils.invokeMethodWithArray(ReflectionUtils.java:189)
at org.apache.maven.surefire.booter.ProviderFactory$ProviderProxy.invoke(ProviderFactory.java:165)
at org.apache.maven.surefire.booter.ProviderFactory.invokeProvider(ProviderFactory.java:85)
at org.apache.maven.surefire.booter.ForkedBooter.runSuitesInProcess(ForkedBooter.java:115)
at org.apache.maven.surefire.booter.ForkedBooter.main(ForkedBooter.java:75)
]]>
            </full-stacktrace>
          </exception> <!-- java.lang.NullPointerException -->
          <reporter-output>
          </reporter-output>
        </test-method> <!-- compareTemperatureInFahrenheit -->
      </class> <!-- test.ComparatorTest -->
      <class name="test.WeatherDataApiTest">
        <test-method status="PASS" signature="validateTemperature()[pri:0, instance:test.WeatherDataApiTest@757277dc]" name="validateTemperature" duration-ms="1681" started-at="2020-12-01T05:23:32 IST" finished-at="2020-12-01T05:23:34 IST">
          <reporter-output>
          </reporter-output>
        </test-method> <!-- validateTemperature -->
      </class> <!-- test.WeatherDataApiTest -->
    </test> <!-- Command line test -->
  </suite> <!-- Command line suite -->
</testng-results>
