<?xml version="1.0" encoding="UTF-8"?>
<testng-results skipped="0" failed="0" ignored="0" total="1" passed="1">
  <reporter-output>
  </reporter-output>
  <suite name="Default suite" duration-ms="27091" started-at="2020-12-01T05:43:36 IST" finished-at="2020-12-01T05:44:03 IST">
    <groups>
    </groups>
    <test name="Default test" duration-ms="27091" started-at="2020-12-01T05:43:36 IST" finished-at="2020-12-01T05:44:03 IST">
      <class name="test.NdtvWeatherTest">
        <test-method status="PASS" signature="intializeTest()[pri:0, instance:test.NdtvWeatherTest@2353b3e6]" name="intializeTest" is-config="true" duration-ms="7" started-at="2020-12-01T05:43:36 IST" finished-at="2020-12-01T05:43:36 IST">
          <reporter-output>
          </reporter-output>
        </test-method> <!-- intializeTest -->
        <test-method status="PASS" signature="weatherPageTest()[pri:0, instance:test.NdtvWeatherTest@2353b3e6]" name="weatherPageTest" duration-ms="27069" started-at="2020-12-01T05:43:36 IST" finished-at="2020-12-01T05:44:03 IST">
          <reporter-output>
          </reporter-output>
        </test-method> <!-- weatherPageTest -->
        <test-method status="PASS" signature="closeBrowser()[pri:0, instance:test.NdtvWeatherTest@2353b3e6]" name="closeBrowser" is-config="true" duration-ms="62" started-at="2020-12-01T05:44:03 IST" finished-at="2020-12-01T05:44:03 IST">
          <reporter-output>
          </reporter-output>
        </test-method> <!-- closeBrowser -->
      </class> <!-- test.NdtvWeatherTest -->
    </test> <!-- Default test -->
  </suite> <!-- Default suite -->
</testng-results>
